GLY7_A-LYS84_A
ALA8_A-LYS84_A
GLU12_A-LYS84_A
GLU12_A-TYR86_A
LEU14_A-TYR86_A
GLN18_A-TYR86_A
LEU19_A-GLN100_A
LEU19_A-LYS101_A
ASN20_A-THR93_A
ASN20_A-GLN100_A
ASN20_A-LYS101_A
THR21_A-THR93_A
LYS22_A-THR93_A
LYS22_A-ASN99_A
LYS22_A-LYS101_A
PHE23_A-THR93_A
PHE23_A-ASN99_A
GLN33_A-ILE88_A
LEU36_A-ILE88_A
PRO40_A-ILE88_A
ARG46_A-ASP82_A
ARG46_A-PHE83_A
GLN47_A-LEU81_A
GLN47_A-ASP82_A
GLU48_A-VAL69_A
GLU48_A-GLY79_A
GLU48_A-THR80_A
GLU48_A-LEU81_A
ILE52_A-TYR65_A
ILE52_A-VAL69_A
GLU59_A-PRO62_A
ALA60_A-PRO62_A
LYS63_A-TYR65_A
LYS63_A-ILE133_A
ALA64_A-HSE68_A
TYR65_A-VAL69_A
ALA66_A-PHE70_A
GLN67_A-PHE70_A
GLN67_A-ARG71_A
GLN67_A-PRO190_A
HSE68_A-SER72_A
VAL69_A-PHE73_A
VAL69_A-GLY79_A
PHE70_A-PHE73_A
PHE70_A-ASP74_A
PHE70_A-VAL126_A
ARG71_A-ASP74_A
ARG71_A-ALA75_A
SER72_A-ALA75_A
SER72_A-ASN76_A
SER72_A-GLY79_A
PHE73_A-ASN76_A
PHE73_A-TYR109_A
PHE73_A-ASP110_A
PHE73_A-ASP112_A
ASP74_A-PHE106_A
ASP74_A-TYR109_A
ALA75_A-SER77_A
ASN76_A-SER77_A
ASN76_A-ASP78_A
ASN76_A-GLY79_A
ASN76_A-THR80_A
ASN76_A-LEU81_A
ASN76_A-TYR86_A
ASN76_A-TYR109_A
SER77_A-ASP78_A
SER77_A-GLY79_A
SER77_A-VAL87_A
ASP78_A-GLY79_A
ASP78_A-THR80_A
ASP78_A-TYR86_A
ASP78_A-VAL87_A
ASP78_A-ASN114_A
ASP78_A-GLY115_A
GLY79_A-LEU81_A
GLY79_A-ASP82_A
GLY79_A-VAL87_A
THR80_A-LEU81_A
THR80_A-ASP82_A
LEU81_A-ASP82_A
LYS84_A-GLU85_A
LYS84_A-TYR86_A
LYS84_A-VAL87_A
LYS84_A-ILE88_A
GLU85_A-ILE88_A
GLU85_A-ALA89_A
TYR86_A-VAL87_A
TYR86_A-LEU90_A
VAL87_A-HSE91_A
ILE88_A-MET92_A
ALA89_A-THR93_A
LEU90_A-SER94_A
HSE91_A-ALA95_A
MET92_A-ALA95_A
MET92_A-GLY96_A
THR93_A-GLY96_A
THR93_A-ASN99_A
THR93_A-LYS101_A
THR93_A-GLU103_A
SER94_A-GLU103_A
SER94_A-GLU189_A
ALA95_A-GLU189_A
ALA95_A-LYS194_A
GLY96_A-LYS97_A
GLY96_A-THR98_A
GLY96_A-ASN99_A
GLY96_A-LYS101_A
GLY96_A-GLU103_A
GLY96_A-GLU189_A
LYS97_A-ASN99_A
LYS97_A-GLU103_A
THR98_A-ASN99_A
THR98_A-GLU103_A
ASN99_A-GLN100_A
ASN99_A-LYS101_A
ASN99_A-LEU102_A
ASN99_A-GLU103_A
GLN100_A-LYS101_A
GLN100_A-LEU102_A
LYS101_A-LEU102_A
LYS101_A-GLU103_A
