LYS5_A-ASP82_A
LYS11_A-GLU15_A
LYS11_A-GLU25_A
GLU12_A-LYS84_A
GLU16_A-LYS84_A
LYS22_A-GLU27_A
LYS37_A-GLU38_A
ARG43_A-GLU48_A
ASP61_A-LYS63_A
ASP61_A-LYS131_A
ASP74_A-LYS84_A
ASP82_A-LYS84_A
LYS84_A-GLU85_A
LYS119_A-GLU153_A
LYS119_A-ASP163_A
GLU136_A-LYS139_A
ASP137_A-LYS194_A
ASP137_A-LYS198_A
LYS139_A-GLU143_A
GLU143_A-LYS150_A
ASP144_A-LYS150_A
ASP144_A-LYS200_A
ASP144_A-LYS201_A
GLU145_A-LYS150_A
GLU145_A-LYS154_A
GLU145_A-LYS200_A
GLU145_A-LYS201_A
GLU149_A-LYS150_A
LYS150_A-GLU153_A
ARG151_A-GLU181_A
GLU153_A-LYS154_A
LYS161_A-ASP165_A
LYS161_A-GLU171_A
LYS162_A-ASP164_A
LYS162_A-ASP165_A
ASP164_A-LYS166_A
ASP165_A-LYS166_A
GLU169_A-LYS170_A
LYS170_A-GLU174_A
LYS180_A-GLU181_A
LYS180_A-GLU199_A
GLU181_A-ARG184_A
GLU181_A-LYS196_A
GLU181_A-LYS200_A
ARG184_A-GLU199_A
GLU189_A-LYS192_A
LYS192_A-GLU195_A
LYS194_A-GLU195_A
GLU195_A-LYS198_A
LYS196_A-GLU199_A
GLU199_A-LYS200_A
GLU199_A-LYS201_A
