LEU9_A-ILE13_A
LEU9_A-LEU14_A
LEU9_A-LEU28_A
LEU9_A-PHE83_A
ILE13_A-LEU14_A
ILE13_A-LEU19_A
ILE13_A-LEU28_A
ILE13_A-PHE83_A
ILE13_A-VAL87_A
LEU14_A-LEU28_A
LEU17_A-PHE23_A
LEU19_A-VAL87_A
LEU19_A-ILE88_A
TRP31_A-VAL87_A
TRP31_A-LEU90_A
PHE35_A-LEU36_A
PHE35_A-PHE83_A
PRO40_A-ILE44_A
ILE44_A-PHE49_A
ILE44_A-LEU81_A
PHE49_A-ILE52_A
PHE49_A-ALA66_A
PHE49_A-VAL69_A
PHE49_A-PHE70_A
PHE49_A-LEU81_A
ILE52_A-PHE56_A
PHE56_A-PHE57_A
PHE57_A-PRO58_A
PHE57_A-ALA60_A
PHE57_A-PRO62_A
PHE57_A-MET132_A
PHE57_A-PRO190_A
PRO58_A-ALA60_A
PRO58_A-PRO135_A
ALA60_A-PRO62_A
ALA60_A-MET132_A
PRO62_A-ALA66_A
PRO62_A-MET132_A
ALA64_A-ALA128_A
ALA66_A-PHE70_A
VAL69_A-LEU108_A
VAL69_A-PHE188_A
PHE70_A-PHE73_A
PHE70_A-LEU81_A
PHE73_A-LEU81_A
PHE73_A-ILE88_A
PHE73_A-ALA89_A
ALA75_A-ILE88_A
LEU81_A-ALA89_A
PHE83_A-VAL87_A
VAL87_A-LEU90_A
ILE88_A-TRP104_A
ALA89_A-LEU90_A
MET92_A-TRP104_A
MET92_A-ALA105_A
MET92_A-PHE188_A
ALA95_A-ILE186_A
LEU102_A-ALA105_A
LEU102_A-ILE173_A
LEU102_A-LEU177_A
LEU102_A-ILE186_A
ALA105_A-LEU108_A
ALA105_A-PHE172_A
ALA105_A-ILE186_A
PHE106_A-ILE117_A
PHE106_A-PHE172_A
LEU108_A-ILE125_A
LEU108_A-PHE188_A
ILE117_A-VAL122_A
ILE117_A-LEU167_A
ILE117_A-PHE172_A
VAL122_A-ALA152_A
VAL122_A-ILE155_A
VAL122_A-TRP156_A
LEU123_A-ALA152_A
ILE125_A-ALA128_A
VAL126_A-ILE129_A
VAL126_A-PHE130_A
VAL126_A-PRO148_A
VAL126_A-ALA152_A
VAL126_A-ILE155_A
ALA128_A-ILE129_A
ILE129_A-PRO190_A
ILE129_A-VAL193_A
PHE130_A-ILE133_A
PHE130_A-PRO148_A
MET132_A-PRO190_A
ILE133_A-PRO190_A
LEU141_A-PRO142_A
LEU141_A-LEU197_A
PRO142_A-LEU202_A
ALA152_A-ILE155_A
ILE155_A-PHE158_A
ILE155_A-LEU185_A
PHE158_A-ILE182_A
PHE158_A-LEU185_A
PHE159_A-LEU167_A
PHE159_A-PHE172_A
PHE159_A-ILE182_A
PHE159_A-LEU185_A
LEU177_A-ALA178_A
ILE182_A-LEU185_A
LEU183_A-ILE186_A
VAL193_A-LEU197_A
