PLUMED: PLUMED is starting
PLUMED: Version: 2.8.0 (git: Unknown) compiled on Oct 11 2023 at 18:51:15
PLUMED: Please cite these papers when using PLUMED [1][2]
PLUMED: For further information see the PLUMED web page at http://www.plumed.org
PLUMED: Root: /Users/giuseppegambini/plumed_2.8/
PLUMED: For installed feature, see /Users/giuseppegambini/plumed_2.8//src/config/config.txt
PLUMED: Molecular dynamics engine: driver
PLUMED: Precision of reals: 8
PLUMED: Running over 1 node
PLUMED: Number of threads: 1
PLUMED: Cache line size: 512
PLUMED: Number of atoms: 0
PLUMED: File suffix: 
PLUMED: FILE: rw_1.dat
PLUMED: Action READ
PLUMED:   with label distance
PLUMED:   with stride 1
PLUMED:   reading data from file COLVAR
PLUMED:   reading value d1 and storing as distance
PLUMED: Action READ
PLUMED:   with label metad
PLUMED:   with stride 1
PLUMED:   reading data from file COLVAR
PLUMED:   added component to this action:  metad.rbias 
PLUMED: Action REWEIGHT_METAD
PLUMED:   with label weights1
PLUMED:   with arguments metad.rbias
PLUMED: Action HISTOGRAM
PLUMED:   with label hh1
PLUMED:   with stride 1
PLUMED:   with arguments distance
PLUMED:   reweighting using weights from weights1 
PLUMED:   grid of 801 equally spaced points between (0) and (0.4)
PLUMED: Action DUMPGRID
PLUMED:   with label @4
PLUMED:   with stride 0
PLUMED:   outputting grid calculated by action hh1 to file named histo with format %24.16e 
PLUMED:   outputting data for replicas 0 Action CONVERT_TO_FES
PLUMED:   with label ffd1
PLUMED:   using 0th component of grid calculated by action hh1 
PLUMED:   grid of 801 equally spaced points between (0) and (0.4)
PLUMED: Action DUMPGRID
PLUMED:   with label @6
PLUMED:   with stride 0
PLUMED:   outputting grid calculated by action ffd1 to file named ffd1.dat with format %f 
PLUMED:   outputting data for replicas 0 END FILE: rw_1.dat
PLUMED: Timestep: 1.000000
PLUMED: KbT has not been set by the MD engine
PLUMED: It should be set by hand where needed
PLUMED: Relevant bibliography:
PLUMED:   [1] The PLUMED consortium, Nat. Methods 16, 670 (2019)
PLUMED:   [2] Tribello, Bonomi, Branduardi, Camilloni, and Bussi, Comput. Phys. Commun. 185, 604 (2014)
PLUMED: Please read and cite where appropriate!
PLUMED: Finished setup
PLUMED:                                               Cycles        Total      Average      Minimum      Maximum
PLUMED:                                                    1    22.112955    22.112955    22.112955    22.112955
PLUMED: 1 Prepare dependencies                         29318     0.049306     0.000002     0.000001     0.000084
PLUMED: 2 Sharing data                                 29318     0.001765     0.000000     0.000000     0.000001
PLUMED: 3 Waiting for data                             29318     0.001585     0.000000     0.000000     0.000000
PLUMED: 4 Calculating (forward loop)                   29318     0.132889     0.000005     0.000004     0.000138
PLUMED: 5 Applying (backward loop)                     29318     0.012020     0.000000     0.000000     0.000056
PLUMED: 6 Update                                       29318    21.834475     0.000745     0.000035     0.002031
