              :-) GROMACS - gmx mdrun, 2021.4-giuseppegambini (-:

                            GROMACS is written by:
     Andrey Alekseenko              Emile Apol              Rossen Apostolov     
         Paul Bauer           Herman J.C. Berendsen           Par Bjelkmar       
       Christian Blau           Viacheslav Bolnykh             Kevin Boyd        
     Aldert van Buuren           Rudi van Drunen             Anton Feenstra      
    Gilles Gouaillardet             Alan Gray               Gerrit Groenhof      
       Anca Hamuraru            Vincent Hindriksen          M. Eric Irrgang      
      Aleksei Iupinov           Christoph Junghans             Joe Jordan        
    Dimitrios Karkoulis            Peter Kasson                Jiri Kraus        
      Carsten Kutzner              Per Larsson              Justin A. Lemkul     
       Viveca Lindahl            Magnus Lundborg             Erik Marklund       
        Pascal Merz             Pieter Meulenhoff            Teemu Murtola       
        Szilard Pall               Sander Pronk              Roland Schulz       
       Michael Shirts            Alexey Shvetsov             Alfons Sijbers      
       Peter Tieleman              Jon Vincent              Teemu Virolainen     
     Christian Wennberg            Maarten Wolf              Artem Zhmurov       
                           and the project leaders:
        Mark Abraham, Berk Hess, Erik Lindahl, and David van der Spoel

Copyright (c) 1991-2000, University of Groningen, The Netherlands.
Copyright (c) 2001-2019, The GROMACS development team at
Uppsala University, Stockholm University and
the Royal Institute of Technology, Sweden.
check out http://www.gromacs.org for more information.

GROMACS is free software; you can redistribute it and/or modify it
under the terms of the GNU Lesser General Public License
as published by the Free Software Foundation; either version 2.1
of the License, or (at your option) any later version.

GROMACS:      gmx mdrun, version 2021.4-giuseppegambini
Executable:   /usr/local/bin/../Cellar/gromacs@2021.4/2021.4/bin/gmx
Data prefix:  /usr/local/bin/../Cellar/gromacs@2021.4/2021.4
Working dir:  /Users/giuseppegambini/Desktop/TESI/simulations/Coarse-grain
Process ID:   1651
Command line:
  gmx mdrun -deffnm equilibration -v

GROMACS version:    2021.4-giuseppegambini
Precision:          mixed
Memory model:       64 bit
MPI library:        thread_mpi
OpenMP support:     enabled (GMX_OPENMP_MAX_THREADS = 64)
GPU support:        disabled
SIMD instructions:  AVX2_256
FFT library:        fftw-3.3.10-sse2-avx-avx2-avx2_128
RDTSCP usage:       enabled
TNG support:        enabled
Hwloc support:      disabled
Tracing support:    disabled
C compiler:         /usr/local/opt/gcc/bin/gcc-12
C compiler flags:   -Wa,-q -mavx2 -mfma -Wno-missing-field-initializers -fexcess-precision=fast -funroll-all-loops -O3 -DNDEBUG
C++ compiler:       /usr/local/opt/gcc/bin/g++-12
C++ compiler flags: -Wa,-q -mavx2 -mfma -Wno-missing-field-initializers -fexcess-precision=fast -funroll-all-loops -fopenmp -O3 -DNDEBUG


Running on 1 node with total 4 cores, 4 logical cores
Hardware detected:
  CPU info:
    Vendor: Intel
    Brand:  Intel(R) Core(TM) i5-5350U CPU @ 1.80GHz
    Family: 6   Model: 61   Stepping: 4
    Features: aes apic avx avx2 clfsh cmov cx8 cx16 f16c fma hle htt intel lahf mmx msr nonstop_tsc pcid pclmuldq pdcm pdpe1gb popcnt pse rdrnd rdtscp rtm sse2 sse3 sse4.1 sse4.2 ssse3 tdt x2apic
  Hardware topology: Only logical processor count


++++ PLEASE READ AND CITE THE FOLLOWING REFERENCE ++++
M. J. Abraham, T. Murtola, R. Schulz, S. Páll, J. C. Smith, B. Hess, E.
Lindahl
GROMACS: High performance molecular simulations through multi-level
parallelism from laptops to supercomputers
SoftwareX 1 (2015) pp. 19-25
-------- -------- --- Thank You --- -------- --------


++++ PLEASE READ AND CITE THE FOLLOWING REFERENCE ++++
S. Páll, M. J. Abraham, C. Kutzner, B. Hess, E. Lindahl
Tackling Exascale Software Challenges in Molecular Dynamics Simulations with
GROMACS
In S. Markidis & E. Laure (Eds.), Solving Software Challenges for Exascale 8759 (2015) pp. 3-27
-------- -------- --- Thank You --- -------- --------


++++ PLEASE READ AND CITE THE FOLLOWING REFERENCE ++++
S. Pronk, S. Páll, R. Schulz, P. Larsson, P. Bjelkmar, R. Apostolov, M. R.
Shirts, J. C. Smith, P. M. Kasson, D. van der Spoel, B. Hess, and E. Lindahl
GROMACS 4.5: a high-throughput and highly parallel open source molecular
simulation toolkit
Bioinformatics 29 (2013) pp. 845-54
-------- -------- --- Thank You --- -------- --------


++++ PLEASE READ AND CITE THE FOLLOWING REFERENCE ++++
B. Hess and C. Kutzner and D. van der Spoel and E. Lindahl
GROMACS 4: Algorithms for highly efficient, load-balanced, and scalable
molecular simulation
J. Chem. Theory Comput. 4 (2008) pp. 435-447
-------- -------- --- Thank You --- -------- --------


++++ PLEASE READ AND CITE THE FOLLOWING REFERENCE ++++
D. van der Spoel, E. Lindahl, B. Hess, G. Groenhof, A. E. Mark and H. J. C.
Berendsen
GROMACS: Fast, Flexible and Free
J. Comp. Chem. 26 (2005) pp. 1701-1719
-------- -------- --- Thank You --- -------- --------


++++ PLEASE READ AND CITE THE FOLLOWING REFERENCE ++++
E. Lindahl and B. Hess and D. van der Spoel
GROMACS 3.0: A package for molecular simulation and trajectory analysis
J. Mol. Mod. 7 (2001) pp. 306-317
-------- -------- --- Thank You --- -------- --------


++++ PLEASE READ AND CITE THE FOLLOWING REFERENCE ++++
H. J. C. Berendsen, D. van der Spoel and R. van Drunen
GROMACS: A message-passing parallel molecular dynamics implementation
Comp. Phys. Comm. 91 (1995) pp. 43-56
-------- -------- --- Thank You --- -------- --------

Input Parameters:
   integrator                     = md
   tinit                          = 0
   dt                             = 0.01
   nsteps                         = 10000
   init-step                      = 0
   simulation-part                = 1
   mts                            = false
   comm-mode                      = Linear
   nstcomm                        = 100
   bd-fric                        = 0
   ld-seed                        = -8472734
   emtol                          = 10
   emstep                         = 0.01
   niter                          = 20
   fcstep                         = 0
   nstcgsteep                     = 1000
   nbfgscorr                      = 10
   rtpi                           = 0.05
   nstxout                        = 0
   nstvout                        = 0
   nstfout                        = 0
   nstlog                         = 1000
   nstcalcenergy                  = 100
   nstenergy                      = 100
   nstxout-compressed             = 1000
   compressed-x-precision         = 100
   cutoff-scheme                  = Verlet
   nstlist                        = 20
   pbc                            = xyz
   periodic-molecules             = false
   verlet-buffer-tolerance        = 0.005
   rlist                          = 1.138
   coulombtype                    = Reaction-Field
   coulomb-modifier               = Potential-shift
   rcoulomb-switch                = 0
   rcoulomb                       = 1.1
   epsilon-r                      = 15
   epsilon-rf                     = inf
   vdw-type                       = Cut-off
   vdw-modifier                   = Potential-shift
   rvdw-switch                    = 0
   rvdw                           = 1.1
   DispCorr                       = No
   table-extension                = 1
   fourierspacing                 = 0.12
   fourier-nx                     = 0
   fourier-ny                     = 0
   fourier-nz                     = 0
   pme-order                      = 4
   ewald-rtol                     = 1e-05
   ewald-rtol-lj                  = 0.001
   lj-pme-comb-rule               = Geometric
   ewald-geometry                 = 0
   epsilon-surface                = 0
   tcoupl                         = Berendsen
   nsttcouple                     = 10
   nh-chain-length                = 0
   print-nose-hoover-chain-variables = false
   pcoupl                         = Berendsen
   pcoupltype                     = Isotropic
   nstpcouple                     = 10
   tau-p                          = 12
   compressibility (3x3):
      compressibility[    0]={ 3.00000e-04,  0.00000e+00,  0.00000e+00}
      compressibility[    1]={ 0.00000e+00,  3.00000e-04,  0.00000e+00}
      compressibility[    2]={ 0.00000e+00,  0.00000e+00,  3.00000e-04}
   ref-p (3x3):
      ref-p[    0]={ 1.00000e+00,  0.00000e+00,  0.00000e+00}
      ref-p[    1]={ 0.00000e+00,  1.00000e+00,  0.00000e+00}
      ref-p[    2]={ 0.00000e+00,  0.00000e+00,  1.00000e+00}
   refcoord-scaling               = COM
   posres-com (3):
      posres-com[0]= 5.00137e-01
      posres-com[1]= 5.02049e-01
      posres-com[2]= 5.00283e-01
   posres-comB (3):
      posres-comB[0]= 5.00137e-01
      posres-comB[1]= 5.02049e-01
      posres-comB[2]= 5.00283e-01
   QMMM                           = false
qm-opts:
   ngQM                           = 0
   constraint-algorithm           = Lincs
   continuation                   = false
   Shake-SOR                      = false
   shake-tol                      = 0.0001
   lincs-order                    = 4
   lincs-iter                     = 1
   lincs-warnangle                = 30
   nwall                          = 0
   wall-type                      = 9-3
   wall-r-linpot                  = -1
   wall-atomtype[0]               = -1
   wall-atomtype[1]               = -1
   wall-density[0]                = 0
   wall-density[1]                = 0
   wall-ewald-zfac                = 3
   pull                           = false
   awh                            = false
   rotation                       = false
   interactiveMD                  = false
   disre                          = No
   disre-weighting                = Conservative
   disre-mixed                    = false
   dr-fc                          = 1000
   dr-tau                         = 0
   nstdisreout                    = 100
   orire-fc                       = 0
   orire-tau                      = 0
   nstorireout                    = 100
   free-energy                    = no
   cos-acceleration               = 0
   deform (3x3):
      deform[    0]={ 0.00000e+00,  0.00000e+00,  0.00000e+00}
      deform[    1]={ 0.00000e+00,  0.00000e+00,  0.00000e+00}
      deform[    2]={ 0.00000e+00,  0.00000e+00,  0.00000e+00}
   simulated-tempering            = false
   swapcoords                     = no
   userint1                       = 0
   userint2                       = 0
   userint3                       = 0
   userint4                       = 0
   userreal1                      = 0
   userreal2                      = 0
   userreal3                      = 0
   userreal4                      = 0
   applied-forces:
     electric-field:
       x:
         E0                       = 0
         omega                    = 0
         t0                       = 0
         sigma                    = 0
       y:
         E0                       = 0
         omega                    = 0
         t0                       = 0
         sigma                    = 0
       z:
         E0                       = 0
         omega                    = 0
         t0                       = 0
         sigma                    = 0
     density-guided-simulation:
       active                     = false
       group                      = protein
       similarity-measure         = inner-product
       atom-spreading-weight      = unity
       force-constant             = 1e+09
       gaussian-transform-spreading-width = 0.2
       gaussian-transform-spreading-range-in-multiples-of-width = 4
       reference-density-filename = reference.mrc
       nst                        = 1
       normalize-densities        = true
       adaptive-force-scaling     = false
       adaptive-force-scaling-time-constant = 4
       shift-vector               = 
       transformation-matrix      = 
grpopts:
   nrdf:       23905
   ref-t:         310
   tau-t:           2
annealing:          No
annealing-npoints:           0
   acc:	           0           0           0
   nfreeze:           N           N           N
   energygrp-flags[  0]: 0

Changing nstlist from 20 to 50, rlist from 1.138 to 1.272

Using 1 MPI thread
Using 4 OpenMP threads 

System total charge: 0.000
Reaction-Field:
epsRF = 0, rc = 1.1, krf = 0.375657, crf = 1.36364, epsfac = 9.26236
The electrostatics potential has its minimum at r = 1.1
Potential shift: LJ r^-12: -3.186e-01 r^-6: -5.645e-01


Using SIMD 4x8 nonbonded short-range kernels

Using a dual 4x8 pair-list setup updated with dynamic pruning:
  outer list: updated every 50 steps, buffer 0.172 nm, rlist 1.272 nm
  inner list: updated every  8 steps, buffer 0.002 nm, rlist 1.102 nm
At tolerance 0.005 kJ/mol/ps per atom, equivalent classical 1x1 list would be:
  outer list: updated every 50 steps, buffer 0.282 nm, rlist 1.382 nm
  inner list: updated every  8 steps, buffer 0.022 nm, rlist 1.122 nm

Using full Lennard-Jones parameter combination matrix
Removing pbc first time

Initializing LINear Constraint Solver

++++ PLEASE READ AND CITE THE FOLLOWING REFERENCE ++++
B. Hess
P-LINCS: A Parallel Linear Constraint Solver for molecular simulation
J. Chem. Theory Comput. 4 (2008) pp. 116-122
-------- -------- --- Thank You --- -------- --------

The number of constraints is 263
91 constraints are involved in constraint triangles,
will apply an additional matrix expansion of order 4 for couplings
between constraints inside triangles

++++ PLEASE READ AND CITE THE FOLLOWING REFERENCE ++++
H. J. C. Berendsen, J. P. M. Postma, A. DiNola and J. R. Haak
Molecular dynamics with coupling to an external bath
J. Chem. Phys. 81 (1984) pp. 3684-3690
-------- -------- --- Thank You --- -------- --------

There are: 8057 Atoms
There are: 3 VSites

Constraining the starting coordinates (step 0)

Constraining the coordinates at t0-dt (step 0)
Center of mass motion removal mode is Linear
We have the following groups for center of mass motion removal:
  0:  rest
RMS relative constraint deviation after constraining: 3.19e-06
Initial temperature: 309 K

Started mdrun on rank 0 Thu Jan 18 13:04:38 2024

           Step           Time
              0        0.00000

   Energies (kJ/mol)
           Bond       G96AngleRestricted Angles    Proper Dih.  Improper Dih.
    7.54303e+01    3.04283e+02    6.94630e+01    8.64724e+01    2.41465e+00
        LJ (SR)   Coulomb (SR) Position Rest.      Potential    Kinetic En.
   -2.12497e+05   -1.90306e+03    6.34000e-03   -2.13862e+05    3.07117e+04
   Total Energy  Conserved En.    Temperature Pressure (bar)   Constr. rmsd
   -1.83150e+05   -1.82195e+05    3.09038e+02   -2.35424e+03    1.90751e-06

           Step           Time
           1000       10.00000

   Energies (kJ/mol)
           Bond       G96AngleRestricted Angles    Proper Dih.  Improper Dih.
    4.34850e+02    4.63444e+02    7.23220e+01    9.76850e+01    1.36369e+01
        LJ (SR)   Coulomb (SR) Position Rest.      Potential    Kinetic En.
   -2.07097e+05   -1.97545e+03    2.94363e+02   -2.07696e+05    3.11719e+04
   Total Energy  Conserved En.    Temperature Pressure (bar)   Constr. rmsd
   -1.76525e+05   -1.83222e+05    3.13668e+02   -3.72560e+01    2.17952e-06

           Step           Time
           2000       20.00000

   Energies (kJ/mol)
           Bond       G96AngleRestricted Angles    Proper Dih.  Improper Dih.
    4.35319e+02    4.70348e+02    7.23351e+01    5.97346e+01    7.29520e+00
        LJ (SR)   Coulomb (SR) Position Rest.      Potential    Kinetic En.
   -2.07338e+05   -2.02350e+03    2.88028e+02   -2.08028e+05    3.08985e+04
   Total Energy  Conserved En.    Temperature Pressure (bar)   Constr. rmsd
   -1.77130e+05   -1.83470e+05    3.10917e+02   -6.19698e+00    2.00867e-06

           Step           Time
           3000       30.00000

   Energies (kJ/mol)
           Bond       G96AngleRestricted Angles    Proper Dih.  Improper Dih.
    4.46585e+02    4.61519e+02    8.21890e+01    1.20301e+02    7.48301e+00
        LJ (SR)   Coulomb (SR) Position Rest.      Potential    Kinetic En.
   -2.07987e+05   -2.07663e+03    2.66084e+02   -2.08679e+05    3.09092e+04
   Total Energy  Conserved En.    Temperature Pressure (bar)   Constr. rmsd
   -1.77770e+05   -1.83715e+05    3.11025e+02    1.30780e+01    2.19445e-06

           Step           Time
           4000       40.00000

   Energies (kJ/mol)
           Bond       G96AngleRestricted Angles    Proper Dih.  Improper Dih.
    4.18734e+02    5.54338e+02    8.71197e+01    1.15073e+02    6.15146e+00
        LJ (SR)   Coulomb (SR) Position Rest.      Potential    Kinetic En.
   -2.07953e+05   -2.14972e+03    3.48113e+02   -2.08573e+05    3.06582e+04
   Total Energy  Conserved En.    Temperature Pressure (bar)   Constr. rmsd
   -1.77915e+05   -1.83954e+05    3.08499e+02   -9.91487e+00    2.70753e-06

           Step           Time
           5000       50.00000

   Energies (kJ/mol)
           Bond       G96AngleRestricted Angles    Proper Dih.  Improper Dih.
    4.49804e+02    4.93495e+02    8.59029e+01    7.94581e+01    4.62140e+00
        LJ (SR)   Coulomb (SR) Position Rest.      Potential    Kinetic En.
   -2.07871e+05   -2.11605e+03    3.32042e+02   -2.08542e+05    3.07264e+04
   Total Energy  Conserved En.    Temperature Pressure (bar)   Constr. rmsd
   -1.77815e+05   -1.84198e+05    3.09185e+02    1.92169e+01    2.25416e-06

           Step           Time
           6000       60.00000

   Energies (kJ/mol)
           Bond       G96AngleRestricted Angles    Proper Dih.  Improper Dih.
    3.98696e+02    4.57188e+02    8.19598e+01    9.60271e+01    7.21101e+00
        LJ (SR)   Coulomb (SR) Position Rest.      Potential    Kinetic En.
   -2.08057e+05   -2.08551e+03    3.32059e+02   -2.08769e+05    3.10631e+04
   Total Energy  Conserved En.    Temperature Pressure (bar)   Constr. rmsd
   -1.77706e+05   -1.84440e+05    3.12573e+02   -2.23701e+01    1.55763e-06

           Step           Time
           7000       70.00000

   Energies (kJ/mol)
           Bond       G96AngleRestricted Angles    Proper Dih.  Improper Dih.
    4.66859e+02    4.34585e+02    8.29758e+01    1.03416e+02    4.32312e+00
        LJ (SR)   Coulomb (SR) Position Rest.      Potential    Kinetic En.
   -2.07433e+05   -2.04399e+03    3.00255e+02   -2.08085e+05    3.02776e+04
   Total Energy  Conserved En.    Temperature Pressure (bar)   Constr. rmsd
   -1.77807e+05   -1.84690e+05    3.04670e+02    4.88830e+01    1.56255e-06

           Step           Time
           8000       80.00000

   Energies (kJ/mol)
           Bond       G96AngleRestricted Angles    Proper Dih.  Improper Dih.
    4.30748e+02    4.46189e+02    8.14169e+01    7.71557e+01    3.29988e+00
        LJ (SR)   Coulomb (SR) Position Rest.      Potential    Kinetic En.
   -2.07631e+05   -2.11495e+03    2.60128e+02   -2.08447e+05    3.05763e+04
   Total Energy  Conserved En.    Temperature Pressure (bar)   Constr. rmsd
   -1.77871e+05   -1.84936e+05    3.07675e+02    2.38809e+01    1.71209e-06

           Step           Time
           9000       90.00000

   Energies (kJ/mol)
           Bond       G96AngleRestricted Angles    Proper Dih.  Improper Dih.
    3.96882e+02    4.90971e+02    9.34651e+01    7.10227e+01    3.86075e+00
        LJ (SR)   Coulomb (SR) Position Rest.      Potential    Kinetic En.
   -2.07978e+05   -2.12871e+03    3.00346e+02   -2.08751e+05    3.08532e+04
   Total Energy  Conserved En.    Temperature Pressure (bar)   Constr. rmsd
   -1.77897e+05   -1.85176e+05    3.10461e+02   -2.22876e+01    2.21735e-06

           Step           Time
          10000      100.00000

Writing checkpoint, step 10000 at Thu Jan 18 13:05:01 2024


   Energies (kJ/mol)
           Bond       G96AngleRestricted Angles    Proper Dih.  Improper Dih.
    3.49746e+02    4.72248e+02    7.66457e+01    8.66554e+01    5.31175e+00
        LJ (SR)   Coulomb (SR) Position Rest.      Potential    Kinetic En.
   -2.07732e+05   -2.17533e+03    2.78430e+02   -2.08639e+05    3.07131e+04
   Total Energy  Conserved En.    Temperature Pressure (bar)   Constr. rmsd
   -1.77925e+05   -1.85424e+05    3.09052e+02   -6.21399e+00    1.69697e-06


Energy conservation over simulation part #1 of length 100 ns, time 0 to 100 ns
  Conserved energy drift: -4.01e-03 kJ/mol/ps per atom


	<======  ###############  ==>
	<====  A V E R A G E S  ====>
	<==  ###############  ======>

	Statistics over 10001 steps using 101 frames

   Energies (kJ/mol)
           Bond       G96AngleRestricted Angles    Proper Dih.  Improper Dih.
    4.00449e+02    4.69483e+02    8.08198e+01    9.00179e+01    9.14129e+00
        LJ (SR)   Coulomb (SR) Position Rest.      Potential    Kinetic En.
   -2.07589e+05   -2.06974e+03    2.91793e+02   -2.08317e+05    3.06266e+04
   Total Energy  Conserved En.    Temperature Pressure (bar)   Constr. rmsd
   -1.77690e+05   -1.84191e+05    3.08181e+02   -4.75998e+01    0.00000e+00

          Box-X          Box-Y          Box-Z
    9.74726e+00    9.74726e+00    9.74726e+00

   Total Virial (kJ/mol)
    1.17819e+04    9.02376e+00   -3.41971e+01
    9.02339e+00    1.15415e+04   -1.18910e+02
   -3.41923e+01   -1.18908e+02    1.15006e+04

   Pressure (bar)
   -5.46561e+01   -2.39616e-02    8.40585e-01
   -2.39494e-02   -4.45412e+01    4.89719e+00
    8.40415e-01    4.89711e+00   -4.36022e+01


	M E G A - F L O P S   A C C O U N T I N G

 NB=Group-cutoff nonbonded kernels    NxN=N-by-N cluster Verlet kernels
 RF=Reaction-Field  VdW=Van der Waals  QSTab=quadratic-spline table
 W3=SPC/TIP3p  W4=TIP4p (single or pairs)
 V&F=Potential and force  V=Potential only  F=Force only

 Computing:                               M-Number         M-Flops  % Flops
-----------------------------------------------------------------------------
 Pair Search distance check             237.578510        2138.207     0.6
 NxN RF Elec. + LJ [F]                 1254.526608       47672.011    13.1
 NxN RF Elec. + LJ [V&F]                 12.791792         690.757     0.2
 NxN LJ [F]                            9321.396640      307606.089    84.4
 NxN LJ [V&F]                            95.091296        4088.926     1.1
 NxN RF Electrostatics [F]                2.231120          69.165     0.0
 NxN RF Electrostatics [V&F]              0.018480           0.665     0.0
 Shift-X                                  1.620060           9.720     0.0
 Bonds                                    2.490249         146.925     0.0
 Angles                                   4.700470         789.679     0.2
 Propers                                  0.780078         178.638     0.0
 Impropers                                0.080008          16.642     0.0
 Pos. Restr.                              2.010201         100.510     0.0
 Virial                                   8.113105         146.036     0.0
 Stop-CM                                  0.822120           8.221     0.0
 P-Coupling                               8.068060          48.408     0.0
 Calc-Ekin                               16.136120         435.675     0.1
 Lincs                                    2.630789         157.847     0.0
 Lincs-Mat                               42.612780         170.451     0.0
 Constraint-V                             5.261052          47.349     0.0
 Constraint-Vir                           0.263263           6.318     0.0
 Virtual Site N                           0.132024           1.980     0.0
-----------------------------------------------------------------------------
 Total                                                  364530.220   100.0
-----------------------------------------------------------------------------


     R E A L   C Y C L E   A N D   T I M E   A C C O U N T I N G

On 1 MPI rank, each using 4 OpenMP threads

 Computing:          Num   Num      Call    Wall time         Giga-Cycles
                     Ranks Threads  Count      (s)         total sum    %
-----------------------------------------------------------------------------
 Vsite constr.          1    4      10001       0.508          3.656   2.1
 Neighbor search        1    4        201       0.476          3.430   2.0
 Force                  1    4      10001      11.076         79.743  46.9
 NB X/F buffer ops.     1    4      19801       1.989         14.323   8.4
 Vsite spread           1    4      11002       0.999          7.193   4.2
 Write traj.            1    4         11       0.040          0.289   0.2
 Update                 1    4      10001       1.193          8.590   5.0
 Constraints            1    4      10003       6.734         48.482  28.5
 Rest                                           0.620          4.463   2.6
-----------------------------------------------------------------------------
 Total                                         23.635        170.169 100.0
-----------------------------------------------------------------------------

               Core t (s)   Wall t (s)        (%)
       Time:       94.536       23.635      400.0
                 (ns/day)    (hour/ns)
Performance:      365.597        0.066
Finished mdrun on rank 0 Thu Jan 18 13:05:01 2024

