              :-) GROMACS - gmx mdrun, 2021.4-giuseppegambini (-:

                            GROMACS is written by:
     Andrey Alekseenko              Emile Apol              Rossen Apostolov     
         Paul Bauer           Herman J.C. Berendsen           Par Bjelkmar       
       Christian Blau           Viacheslav Bolnykh             Kevin Boyd        
     Aldert van Buuren           Rudi van Drunen             Anton Feenstra      
    Gilles Gouaillardet             Alan Gray               Gerrit Groenhof      
       Anca Hamuraru            Vincent Hindriksen          M. Eric Irrgang      
      Aleksei Iupinov           Christoph Junghans             Joe Jordan        
    Dimitrios Karkoulis            Peter Kasson                Jiri Kraus        
      Carsten Kutzner              Per Larsson              Justin A. Lemkul     
       Viveca Lindahl            Magnus Lundborg             Erik Marklund       
        Pascal Merz             Pieter Meulenhoff            Teemu Murtola       
        Szilard Pall               Sander Pronk              Roland Schulz       
       Michael Shirts            Alexey Shvetsov             Alfons Sijbers      
       Peter Tieleman              Jon Vincent              Teemu Virolainen     
     Christian Wennberg            Maarten Wolf              Artem Zhmurov       
                           and the project leaders:
        Mark Abraham, Berk Hess, Erik Lindahl, and David van der Spoel

Copyright (c) 1991-2000, University of Groningen, The Netherlands.
Copyright (c) 2001-2019, The GROMACS development team at
Uppsala University, Stockholm University and
the Royal Institute of Technology, Sweden.
check out http://www.gromacs.org for more information.

GROMACS is free software; you can redistribute it and/or modify it
under the terms of the GNU Lesser General Public License
as published by the Free Software Foundation; either version 2.1
of the License, or (at your option) any later version.

GROMACS:      gmx mdrun, version 2021.4-giuseppegambini
Executable:   /usr/local/bin/../Cellar/gromacs@2021.4/2021.4/bin/gmx
Data prefix:  /usr/local/bin/../Cellar/gromacs@2021.4/2021.4
Working dir:  /Users/giuseppegambini/Desktop/TESI/simulations/Coarse-grain
Process ID:   5269
Command line:
  gmx mdrun -deffnm min_vacuum -v

GROMACS version:    2021.4-giuseppegambini
Precision:          mixed
Memory model:       64 bit
MPI library:        thread_mpi
OpenMP support:     enabled (GMX_OPENMP_MAX_THREADS = 64)
GPU support:        disabled
SIMD instructions:  AVX2_256
FFT library:        fftw-3.3.10-sse2-avx-avx2-avx2_128
RDTSCP usage:       enabled
TNG support:        enabled
Hwloc support:      disabled
Tracing support:    disabled
C compiler:         /usr/local/opt/gcc/bin/gcc-12
C compiler flags:   -Wa,-q -mavx2 -mfma -Wno-missing-field-initializers -fexcess-precision=fast -funroll-all-loops -O3 -DNDEBUG
C++ compiler:       /usr/local/opt/gcc/bin/g++-12
C++ compiler flags: -Wa,-q -mavx2 -mfma -Wno-missing-field-initializers -fexcess-precision=fast -funroll-all-loops -fopenmp -O3 -DNDEBUG


Running on 1 node with total 4 cores, 4 logical cores
Hardware detected:
  CPU info:
    Vendor: Intel
    Brand:  Intel(R) Core(TM) i5-5350U CPU @ 1.80GHz
    Family: 6   Model: 61   Stepping: 4
    Features: aes apic avx avx2 clfsh cmov cx8 cx16 f16c fma hle htt intel lahf mmx msr nonstop_tsc pcid pclmuldq pdcm pdpe1gb popcnt pse rdrnd rdtscp rtm sse2 sse3 sse4.1 sse4.2 ssse3 tdt x2apic
  Hardware topology: Only logical processor count


++++ PLEASE READ AND CITE THE FOLLOWING REFERENCE ++++
M. J. Abraham, T. Murtola, R. Schulz, S. Páll, J. C. Smith, B. Hess, E.
Lindahl
GROMACS: High performance molecular simulations through multi-level
parallelism from laptops to supercomputers
SoftwareX 1 (2015) pp. 19-25
-------- -------- --- Thank You --- -------- --------


++++ PLEASE READ AND CITE THE FOLLOWING REFERENCE ++++
S. Páll, M. J. Abraham, C. Kutzner, B. Hess, E. Lindahl
Tackling Exascale Software Challenges in Molecular Dynamics Simulations with
GROMACS
In S. Markidis & E. Laure (Eds.), Solving Software Challenges for Exascale 8759 (2015) pp. 3-27
-------- -------- --- Thank You --- -------- --------


++++ PLEASE READ AND CITE THE FOLLOWING REFERENCE ++++
S. Pronk, S. Páll, R. Schulz, P. Larsson, P. Bjelkmar, R. Apostolov, M. R.
Shirts, J. C. Smith, P. M. Kasson, D. van der Spoel, B. Hess, and E. Lindahl
GROMACS 4.5: a high-throughput and highly parallel open source molecular
simulation toolkit
Bioinformatics 29 (2013) pp. 845-54
-------- -------- --- Thank You --- -------- --------


++++ PLEASE READ AND CITE THE FOLLOWING REFERENCE ++++
B. Hess and C. Kutzner and D. van der Spoel and E. Lindahl
GROMACS 4: Algorithms for highly efficient, load-balanced, and scalable
molecular simulation
J. Chem. Theory Comput. 4 (2008) pp. 435-447
-------- -------- --- Thank You --- -------- --------


++++ PLEASE READ AND CITE THE FOLLOWING REFERENCE ++++
D. van der Spoel, E. Lindahl, B. Hess, G. Groenhof, A. E. Mark and H. J. C.
Berendsen
GROMACS: Fast, Flexible and Free
J. Comp. Chem. 26 (2005) pp. 1701-1719
-------- -------- --- Thank You --- -------- --------


++++ PLEASE READ AND CITE THE FOLLOWING REFERENCE ++++
E. Lindahl and B. Hess and D. van der Spoel
GROMACS 3.0: A package for molecular simulation and trajectory analysis
J. Mol. Mod. 7 (2001) pp. 306-317
-------- -------- --- Thank You --- -------- --------


++++ PLEASE READ AND CITE THE FOLLOWING REFERENCE ++++
H. J. C. Berendsen, D. van der Spoel and R. van Drunen
GROMACS: A message-passing parallel molecular dynamics implementation
Comp. Phys. Comm. 91 (1995) pp. 43-56
-------- -------- --- Thank You --- -------- --------

Input Parameters:
   integrator                     = steep
   tinit                          = 0
   dt                             = 0.01
   nsteps                         = 100
   init-step                      = 0
   simulation-part                = 1
   mts                            = false
   comm-mode                      = Linear
   nstcomm                        = 100
   bd-fric                        = 0
   ld-seed                        = -1900678403
   emtol                          = 10
   emstep                         = 0.01
   niter                          = 20
   fcstep                         = 0
   nstcgsteep                     = 1000
   nbfgscorr                      = 10
   rtpi                           = 0.05
   nstxout                        = 0
   nstvout                        = 0
   nstfout                        = 0
   nstlog                         = 1000
   nstcalcenergy                  = 100
   nstenergy                      = 100
   nstxout-compressed             = 1000
   compressed-x-precision         = 100
   cutoff-scheme                  = Verlet
   nstlist                        = 20
   pbc                            = xyz
   periodic-molecules             = false
   verlet-buffer-tolerance        = 0.005
   rlist                          = 1.155
   coulombtype                    = Reaction-Field
   coulomb-modifier               = Potential-shift
   rcoulomb-switch                = 0
   rcoulomb                       = 1.1
   epsilon-r                      = 15
   epsilon-rf                     = inf
   vdw-type                       = Cut-off
   vdw-modifier                   = Potential-shift
   rvdw-switch                    = 0
   rvdw                           = 1.1
   DispCorr                       = No
   table-extension                = 1
   fourierspacing                 = 0.12
   fourier-nx                     = 0
   fourier-ny                     = 0
   fourier-nz                     = 0
   pme-order                      = 4
   ewald-rtol                     = 1e-05
   ewald-rtol-lj                  = 0.001
   lj-pme-comb-rule               = Geometric
   ewald-geometry                 = 0
   epsilon-surface                = 0
   tcoupl                         = No
   nsttcouple                     = -1
   nh-chain-length                = 0
   print-nose-hoover-chain-variables = false
   pcoupl                         = No
   pcoupltype                     = Isotropic
   nstpcouple                     = -1
   tau-p                          = 12
   compressibility (3x3):
      compressibility[    0]={ 3.00000e-04,  0.00000e+00,  0.00000e+00}
      compressibility[    1]={ 0.00000e+00,  3.00000e-04,  0.00000e+00}
      compressibility[    2]={ 0.00000e+00,  0.00000e+00,  3.00000e-04}
   ref-p (3x3):
      ref-p[    0]={ 1.00000e+00,  0.00000e+00,  0.00000e+00}
      ref-p[    1]={ 0.00000e+00,  1.00000e+00,  0.00000e+00}
      ref-p[    2]={ 0.00000e+00,  0.00000e+00,  1.00000e+00}
   refcoord-scaling               = No
   posres-com (3):
      posres-com[0]= 0.00000e+00
      posres-com[1]= 0.00000e+00
      posres-com[2]= 0.00000e+00
   posres-comB (3):
      posres-comB[0]= 0.00000e+00
      posres-comB[1]= 0.00000e+00
      posres-comB[2]= 0.00000e+00
   QMMM                           = false
qm-opts:
   ngQM                           = 0
   constraint-algorithm           = Lincs
   continuation                   = false
   Shake-SOR                      = false
   shake-tol                      = 0.0001
   lincs-order                    = 4
   lincs-iter                     = 1
   lincs-warnangle                = 30
   nwall                          = 0
   wall-type                      = 9-3
   wall-r-linpot                  = -1
   wall-atomtype[0]               = -1
   wall-atomtype[1]               = -1
   wall-density[0]                = 0
   wall-density[1]                = 0
   wall-ewald-zfac                = 3
   pull                           = false
   awh                            = false
   rotation                       = false
   interactiveMD                  = false
   disre                          = No
   disre-weighting                = Conservative
   disre-mixed                    = false
   dr-fc                          = 1000
   dr-tau                         = 0
   nstdisreout                    = 100
   orire-fc                       = 0
   orire-tau                      = 0
   nstorireout                    = 100
   free-energy                    = no
   cos-acceleration               = 0
   deform (3x3):
      deform[    0]={ 0.00000e+00,  0.00000e+00,  0.00000e+00}
      deform[    1]={ 0.00000e+00,  0.00000e+00,  0.00000e+00}
      deform[    2]={ 0.00000e+00,  0.00000e+00,  0.00000e+00}
   simulated-tempering            = false
   swapcoords                     = no
   userint1                       = 0
   userint2                       = 0
   userint3                       = 0
   userint4                       = 0
   userreal1                      = 0
   userreal2                      = 0
   userreal3                      = 0
   userreal4                      = 0
   applied-forces:
     electric-field:
       x:
         E0                       = 0
         omega                    = 0
         t0                       = 0
         sigma                    = 0
       y:
         E0                       = 0
         omega                    = 0
         t0                       = 0
         sigma                    = 0
       z:
         E0                       = 0
         omega                    = 0
         t0                       = 0
         sigma                    = 0
     density-guided-simulation:
       active                     = false
       group                      = protein
       similarity-measure         = inner-product
       atom-spreading-weight      = unity
       force-constant             = 1e+09
       gaussian-transform-spreading-width = 0.2
       gaussian-transform-spreading-range-in-multiples-of-width = 4
       reference-density-filename = reference.mrc
       nst                        = 1
       normalize-densities        = true
       adaptive-force-scaling     = false
       adaptive-force-scaling-time-constant = 4
       shift-vector               = 
       transformation-matrix      = 
grpopts:
   nrdf:        1180
   ref-t:           0
   tau-t:           0
annealing:          No
annealing-npoints:           0
   acc:	           0           0           0
   nfreeze:           N           N           N
   energygrp-flags[  0]: 0

Using 1 MPI thread
Using 4 OpenMP threads 

System total charge: -2.000
Reaction-Field:
epsRF = 0, rc = 1.1, krf = 0.375657, crf = 1.36364, epsfac = 9.26236
The electrostatics potential has its minimum at r = 1.1
Potential shift: LJ r^-12: -3.186e-01 r^-6: -5.645e-01


Using SIMD 4x8 nonbonded short-range kernels

Using a 4x8 pair-list setup:
  updated every 20 steps, buffer 0.055 nm, rlist 1.155 nm

Using full Lennard-Jones parameter combination matrix
Removing pbc first time

Initializing LINear Constraint Solver

++++ PLEASE READ AND CITE THE FOLLOWING REFERENCE ++++
B. Hess
P-LINCS: A Parallel Linear Constraint Solver for molecular simulation
J. Chem. Theory Comput. 4 (2008) pp. 116-122
-------- -------- --- Thank You --- -------- --------

The number of constraints is 263
91 constraints are involved in constraint triangles,
will apply an additional matrix expansion of order 4 for couplings
between constraints inside triangles

Note that activating steepest-descent energy minimization via the integrator .mdp option and the command gmx mdrun may be available in a different form in a future version of GROMACS, e.g. gmx minimize and an .mdp option.
Initiating Steepest Descents
Started Steepest Descents on rank 0 Wed Jan 17 20:20:35 2024


Steepest Descents:
   Tolerance (Fmax)   =  1.00000e+01
   Number of steps    =          100
           Step           Time
              0        0.00000

   Energies (kJ/mol)
           Bond       G96AngleRestricted Angles    Proper Dih.  Improper Dih.
    1.55072e+03    4.77156e+02    8.00477e+02    2.17360e+02    1.19477e+00
        LJ (SR)   Coulomb (SR)      Potential Pressure (bar)   Constr. rmsd
    7.10792e+03   -8.47411e+02    9.30742e+03    1.08525e+03    6.56364e-05

           Step           Time
              1        1.00000

   Energies (kJ/mol)
           Bond       G96AngleRestricted Angles    Proper Dih.  Improper Dih.
    1.55060e+03    4.75266e+02    6.66711e+02    2.16370e+02    1.18881e+00
        LJ (SR)   Coulomb (SR)      Potential Pressure (bar)   Constr. rmsd
    4.78025e+03   -8.42877e+02    6.84751e+03    9.19751e+02    9.98744e-07

           Step           Time
              2        2.00000

   Energies (kJ/mol)
           Bond       G96AngleRestricted Angles    Proper Dih.  Improper Dih.
    1.55066e+03    4.71491e+02    6.05209e+02    2.14042e+02    1.17433e+00
        LJ (SR)   Coulomb (SR)      Potential Pressure (bar)   Constr. rmsd
    2.35583e+03   -8.35648e+02    4.36276e+03    7.38553e+02    8.54856e-07

           Step           Time
              3        3.00000

   Energies (kJ/mol)
           Bond       G96AngleRestricted Angles    Proper Dih.  Improper Dih.
    1.54918e+03    4.64456e+02    5.61575e+02    2.09332e+02    1.14601e+00
        LJ (SR)   Coulomb (SR)      Potential Pressure (bar)   Constr. rmsd
    1.46905e+02   -8.25405e+02    2.10719e+03    5.70765e+02    9.68677e-07

           Step           Time
              4        4.00000

   Energies (kJ/mol)
           Bond       G96AngleRestricted Angles    Proper Dih.  Improper Dih.
    1.54118e+03    4.52381e+02    5.37182e+02    2.00810e+02    1.09818e+00
        LJ (SR)   Coulomb (SR)      Potential Pressure (bar)   Constr. rmsd
   -1.58326e+03   -8.12414e+02    3.36981e+02    4.37938e+02    1.19181e-06

           Step           Time
              5        5.00000

   Energies (kJ/mol)
           Bond       G96AngleRestricted Angles    Proper Dih.  Improper Dih.
    1.51404e+03    4.29509e+02    5.63058e+02    1.84228e+02    1.01711e+00
        LJ (SR)   Coulomb (SR)      Potential Pressure (bar)   Constr. rmsd
   -3.02263e+03   -7.95311e+02   -1.12609e+03    3.25581e+02    1.06433e-06

           Step           Time
              6        6.00000

   Energies (kJ/mol)
           Bond       G96AngleRestricted Angles    Proper Dih.  Improper Dih.
    1.43475e+03    3.89105e+02    4.04440e+02    1.54987e+02    9.09682e-01
        LJ (SR)   Coulomb (SR)      Potential Pressure (bar)   Constr. rmsd
   -3.96285e+03   -7.74688e+02   -2.35335e+03    2.47607e+02    2.04199e-06

           Step           Time
              7        7.00000

   Energies (kJ/mol)
           Bond       G96AngleRestricted Angles    Proper Dih.  Improper Dih.
    1.33305e+03    3.60179e+02    4.47390e+02    1.33437e+02    8.73087e-01
        LJ (SR)   Coulomb (SR)      Potential Pressure (bar)   Constr. rmsd
   -4.52183e+03   -7.63946e+02   -3.01084e+03    1.98595e+02    1.57727e-06

           Step           Time
              8        8.00000

   Energies (kJ/mol)
           Bond       G96AngleRestricted Angles    Proper Dih.  Improper Dih.
    1.26887e+03    3.47216e+02    3.25890e+02    1.23740e+02    8.71550e-01
        LJ (SR)   Coulomb (SR)      Potential Pressure (bar)   Constr. rmsd
   -4.64948e+03   -7.59227e+02   -3.34212e+03    1.81061e+02    1.17616e-06

           Step           Time
              9        9.00000

   Energies (kJ/mol)
           Bond       G96AngleRestricted Angles    Proper Dih.  Improper Dih.
    1.01440e+03    3.15814e+02    2.83178e+02    9.64300e+01    9.42726e-01
        LJ (SR)   Coulomb (SR)      Potential Pressure (bar)   Constr. rmsd
   -5.16670e+03   -7.42628e+02   -4.19856e+03    1.21171e+02    6.71143e-06

           Step           Time
             10       10.00000

   Energies (kJ/mol)
           Bond       G96AngleRestricted Angles    Proper Dih.  Improper Dih.
    6.95861e+02    3.02535e+02    1.97409e+02    7.16884e+01    1.23791e+00
        LJ (SR)   Coulomb (SR)      Potential Pressure (bar)   Constr. rmsd
   -5.38878e+03   -7.32252e+02   -4.85230e+03    8.05787e+01    1.09666e-05

           Step           Time
             11       11.00000

   Energies (kJ/mol)
           Bond       G96AngleRestricted Angles    Proper Dih.  Improper Dih.
    5.55298e+02    2.96808e+02    1.81655e+02    6.51165e+01    1.39169e+00
        LJ (SR)   Coulomb (SR)      Potential Pressure (bar)   Constr. rmsd
   -5.50935e+03   -7.28375e+02   -5.13745e+03    5.75143e+01    2.60550e-06

           Step           Time
             12       12.00000

   Energies (kJ/mol)
           Bond       G96AngleRestricted Angles    Proper Dih.  Improper Dih.
    4.27394e+02    3.00928e+02    1.63907e+02    5.24903e+01    1.56744e+00
        LJ (SR)   Coulomb (SR)      Potential Pressure (bar)   Constr. rmsd
   -5.52414e+03   -7.24336e+02   -5.30219e+03    4.13292e+01    6.72209e-06

           Step           Time
             13       13.00000

           Step           Time
             14       14.00000

   Energies (kJ/mol)
           Bond       G96AngleRestricted Angles    Proper Dih.  Improper Dih.
    3.82793e+02    2.94412e+02    1.58957e+02    5.44636e+01    1.56634e+00
        LJ (SR)   Coulomb (SR)      Potential Pressure (bar)   Constr. rmsd
   -5.66417e+03   -7.22484e+02   -5.49447e+03    2.73617e+01    3.78236e-06

           Step           Time
             15       15.00000

   Energies (kJ/mol)
           Bond       G96AngleRestricted Angles    Proper Dih.  Improper Dih.
    2.46021e+02    3.14396e+02    1.36881e+02    5.71659e+01    1.71101e+00
        LJ (SR)   Coulomb (SR)      Potential Pressure (bar)   Constr. rmsd
   -5.74128e+03   -7.19262e+02   -5.70437e+03    3.69021e+00    1.27653e-04

           Step           Time
             16       16.00000

   Energies (kJ/mol)
           Bond       G96AngleRestricted Angles    Proper Dih.  Improper Dih.
    2.18554e+02    3.04851e+02    1.30937e+02    7.83825e+01    1.57336e+00
        LJ (SR)   Coulomb (SR)      Potential Pressure (bar)   Constr. rmsd
   -5.75249e+03   -7.21960e+02   -5.74015e+03    1.44510e-01    3.95859e-04

           Step           Time
             17       17.00000

           Step           Time
             18       18.00000

   Energies (kJ/mol)
           Bond       G96AngleRestricted Angles    Proper Dih.  Improper Dih.
    2.17187e+02    2.97025e+02    1.30078e+02    4.06397e+01    1.51724e+00
        LJ (SR)   Coulomb (SR)      Potential Pressure (bar)   Constr. rmsd
   -5.83172e+03   -7.19805e+02   -5.86508e+03   -6.25904e+00    7.20491e-05

           Step           Time
             19       19.00000

           Step           Time
             20       20.00000

   Energies (kJ/mol)
           Bond       G96AngleRestricted Angles    Proper Dih.  Improper Dih.
    1.97419e+02    3.03124e+02    1.24260e+02    5.57987e+01    1.42698e+00
        LJ (SR)   Coulomb (SR)      Potential Pressure (bar)   Constr. rmsd
   -5.84870e+03   -7.19614e+02   -5.88628e+03   -1.01609e+01    2.60964e-05

           Step           Time
             21       21.00000

           Step           Time
             22       22.00000

   Energies (kJ/mol)
           Bond       G96AngleRestricted Angles    Proper Dih.  Improper Dih.
    1.92276e+02    2.89278e+02    1.23439e+02    3.44301e+01    1.39884e+00
        LJ (SR)   Coulomb (SR)      Potential Pressure (bar)   Constr. rmsd
   -5.88377e+03   -7.19229e+02   -5.96217e+03   -1.33669e+01    1.30875e-05

           Step           Time
             23       23.00000

   Energies (kJ/mol)
           Bond       G96AngleRestricted Angles    Proper Dih.  Improper Dih.
    1.71779e+02    3.00321e+02    1.16497e+02    5.96864e+01    1.34223e+00
        LJ (SR)   Coulomb (SR)      Potential Pressure (bar)   Constr. rmsd
   -5.90867e+03   -7.19162e+02   -5.97820e+03   -1.76708e+01    1.80439e-05

           Step           Time
             24       24.00000

   Energies (kJ/mol)
           Bond       G96AngleRestricted Angles    Proper Dih.  Improper Dih.
    1.66039e+02    2.89566e+02    1.15850e+02    3.58884e+01    1.33271e+00
        LJ (SR)   Coulomb (SR)      Potential Pressure (bar)   Constr. rmsd
   -5.93775e+03   -7.19274e+02   -6.04835e+03   -2.07129e+01    3.08534e-05

           Step           Time
             25       25.00000

           Step           Time
             26       26.00000

   Energies (kJ/mol)
           Bond       G96AngleRestricted Angles    Proper Dih.  Improper Dih.
    1.59779e+02    2.84822e+02    1.13755e+02    3.55550e+01    1.33064e+00
        LJ (SR)   Coulomb (SR)      Potential Pressure (bar)   Constr. rmsd
   -5.95103e+03   -7.19363e+02   -6.07515e+03   -2.18962e+01    7.33829e-06

           Step           Time
             27       27.00000

   Energies (kJ/mol)
           Bond       G96AngleRestricted Angles    Proper Dih.  Improper Dih.
    1.53548e+02    2.92478e+02    1.11862e+02    4.03162e+01    1.33323e+00
        LJ (SR)   Coulomb (SR)      Potential Pressure (bar)   Constr. rmsd
   -5.96792e+03   -7.19456e+02   -6.08784e+03   -2.44777e+01    1.39835e-05

           Step           Time
             28       28.00000

   Energies (kJ/mol)
           Bond       G96AngleRestricted Angles    Proper Dih.  Improper Dih.
    1.48219e+02    2.84765e+02    1.10060e+02    3.67291e+01    1.34236e+00
        LJ (SR)   Coulomb (SR)      Potential Pressure (bar)   Constr. rmsd
   -5.98134e+03   -7.19527e+02   -6.11975e+03   -2.52816e+01    1.81180e-05

           Step           Time
             29       29.00000

           Step           Time
             30       30.00000

   Energies (kJ/mol)
           Bond       G96AngleRestricted Angles    Proper Dih.  Improper Dih.
    1.44985e+02    2.82073e+02    1.09178e+02    3.10534e+01    1.34984e+00
        LJ (SR)   Coulomb (SR)      Potential Pressure (bar)   Constr. rmsd
   -5.99649e+03   -7.19595e+02   -6.14745e+03   -2.68976e+01    5.34058e-06

           Step           Time
             31       31.00000

   Energies (kJ/mol)
           Bond       G96AngleRestricted Angles    Proper Dih.  Improper Dih.
    1.37484e+02    2.85213e+02    1.06506e+02    3.87750e+01    1.38239e+00
        LJ (SR)   Coulomb (SR)      Potential Pressure (bar)   Constr. rmsd
   -6.01260e+03   -7.19761e+02   -6.16300e+03   -2.85234e+01    7.90936e-06

           Step           Time
             32       32.00000

   Energies (kJ/mol)
           Bond       G96AngleRestricted Angles    Proper Dih.  Improper Dih.
    1.35079e+02    2.82687e+02    1.05713e+02    3.30713e+01    1.39773e+00
        LJ (SR)   Coulomb (SR)      Potential Pressure (bar)   Constr. rmsd
   -6.02895e+03   -7.19858e+02   -6.19086e+03   -3.01324e+01    1.36591e-05

           Step           Time
             33       33.00000

           Step           Time
             34       34.00000

   Energies (kJ/mol)
           Bond       G96AngleRestricted Angles    Proper Dih.  Improper Dih.
    1.31582e+02    2.78442e+02    1.04651e+02    2.98815e+01    1.41573e+00
        LJ (SR)   Coulomb (SR)      Potential Pressure (bar)   Constr. rmsd
   -6.03939e+03   -7.19950e+02   -6.21336e+03   -3.07993e+01    3.03048e-06

           Step           Time
             35       35.00000

   Energies (kJ/mol)
           Bond       G96AngleRestricted Angles    Proper Dih.  Improper Dih.
    1.26520e+02    2.83818e+02    1.02515e+02    3.61703e+01    1.46842e+00
        LJ (SR)   Coulomb (SR)      Potential Pressure (bar)   Constr. rmsd
   -6.06123e+03   -7.20209e+02   -6.23094e+03   -3.29716e+01    5.73814e-06

           Step           Time
             36       36.00000

   Energies (kJ/mol)
           Bond       G96AngleRestricted Angles    Proper Dih.  Improper Dih.
    1.22885e+02    2.77633e+02    1.01519e+02    3.06204e+01    1.49126e+00
        LJ (SR)   Coulomb (SR)      Potential Pressure (bar)   Constr. rmsd
   -6.07258e+03   -7.20326e+02   -6.25876e+03   -3.35279e+01    7.87311e-06

           Step           Time
             37       37.00000

           Step           Time
             38       38.00000

   Energies (kJ/mol)
           Bond       G96AngleRestricted Angles    Proper Dih.  Improper Dih.
    1.21023e+02    2.77375e+02    1.00666e+02    2.98080e+01    1.51787e+00
        LJ (SR)   Coulomb (SR)      Potential Pressure (bar)   Constr. rmsd
   -6.08551e+03   -7.20479e+02   -6.27560e+03   -3.45840e+01    2.32172e-06

           Step           Time
             39       39.00000

   Energies (kJ/mol)
           Bond       G96AngleRestricted Angles    Proper Dih.  Improper Dih.
    1.17339e+02    2.77254e+02    9.93938e+01    3.14707e+01    1.55503e+00
        LJ (SR)   Coulomb (SR)      Potential Pressure (bar)   Constr. rmsd
   -6.09723e+03   -7.20681e+02   -6.29090e+03   -3.52975e+01    3.41536e-06

           Step           Time
             40       40.00000

   Energies (kJ/mol)
           Bond       G96AngleRestricted Angles    Proper Dih.  Improper Dih.
    1.16057e+02    2.78469e+02    9.85529e+01    3.23004e+01    1.58779e+00
        LJ (SR)   Coulomb (SR)      Potential Pressure (bar)   Constr. rmsd
   -6.11071e+03   -7.20879e+02   -6.30462e+03   -3.63606e+01    6.59925e-06

           Step           Time
             41       41.00000

   Energies (kJ/mol)
           Bond       G96AngleRestricted Angles    Proper Dih.  Improper Dih.
    1.12587e+02    2.78163e+02    9.74531e+01    3.40138e+01    1.62333e+00
        LJ (SR)   Coulomb (SR)      Potential Pressure (bar)   Constr. rmsd
   -6.12023e+03   -7.21084e+02   -6.31747e+03   -3.67812e+01    9.70429e-06

           Step           Time
             42       42.00000

   Energies (kJ/mol)
           Bond       G96AngleRestricted Angles    Proper Dih.  Improper Dih.
    1.12350e+02    2.82009e+02    9.67068e+01    3.78617e+01    1.65895e+00
        LJ (SR)   Coulomb (SR)      Potential Pressure (bar)   Constr. rmsd
   -6.13265e+03   -7.21315e+02   -6.32338e+03   -3.77426e+01    1.91607e-05

           Step           Time
             43       43.00000

   Energies (kJ/mol)
           Bond       G96AngleRestricted Angles    Proper Dih.  Improper Dih.
    1.08650e+02    2.81473e+02    9.56774e+01    3.96464e+01    1.69403e+00
        LJ (SR)   Coulomb (SR)      Potential Pressure (bar)   Constr. rmsd
   -6.14062e+03   -7.21534e+02   -6.33501e+03   -3.79215e+01    2.92154e-05

           Step           Time
             44       44.00000

           Step           Time
             45       45.00000

   Energies (kJ/mol)
           Bond       G96AngleRestricted Angles    Proper Dih.  Improper Dih.
    1.07868e+02    2.73026e+02    9.53685e+01    2.77639e+01    1.71115e+00
        LJ (SR)   Coulomb (SR)      Potential Pressure (bar)   Constr. rmsd
   -6.15572e+03   -7.21661e+02   -6.37164e+03   -3.88627e+01    6.91805e-06

           Step           Time
             46       46.00000

   Energies (kJ/mol)
           Bond       G96AngleRestricted Angles    Proper Dih.  Improper Dih.
    1.01368e+02    2.81735e+02    9.26159e+01    4.21594e+01    1.83736e+00
        LJ (SR)   Coulomb (SR)      Potential Pressure (bar)   Constr. rmsd
   -6.18381e+03   -7.22472e+02   -6.38656e+03   -4.01734e+01    9.55306e-06

           Step           Time
             47       47.00000

   Energies (kJ/mol)
           Bond       G96AngleRestricted Angles    Proper Dih.  Improper Dih.
    1.01325e+02    2.73030e+02    9.23326e+01    2.90782e+01    1.85705e+00
        LJ (SR)   Coulomb (SR)      Potential Pressure (bar)   Constr. rmsd
   -6.20038e+03   -7.22647e+02   -6.42540e+03   -4.10614e+01    1.57415e-05

           Step           Time
             48       48.00000

           Step           Time
             49       49.00000

   Energies (kJ/mol)
           Bond       G96AngleRestricted Angles    Proper Dih.  Improper Dih.
    9.89120e+01    2.73378e+02    9.15249e+01    3.12904e+01    1.89257e+00
        LJ (SR)   Coulomb (SR)      Potential Pressure (bar)   Constr. rmsd
   -6.21000e+03   -7.22953e+02   -6.43596e+03   -4.12757e+01    4.25895e-06

           Step           Time
             50       50.00000

   Energies (kJ/mol)
           Bond       G96AngleRestricted Angles    Proper Dih.  Improper Dih.
    9.91619e+01    2.74464e+02    9.09925e+01    3.17855e+01    1.92360e+00
        LJ (SR)   Coulomb (SR)      Potential Pressure (bar)   Constr. rmsd
   -6.22139e+03   -7.23235e+02   -6.44629e+03   -4.18125e+01    7.67276e-06

           Step           Time
             51       51.00000

   Energies (kJ/mol)
           Bond       G96AngleRestricted Angles    Proper Dih.  Improper Dih.
    9.65945e+01    2.75717e+02    9.02205e+01    3.54600e+01    1.95727e+00
        LJ (SR)   Coulomb (SR)      Potential Pressure (bar)   Constr. rmsd
   -6.22891e+03   -7.23544e+02   -6.45250e+03   -4.18407e+01    1.29184e-05

           Step           Time
             52       52.00000

   Energies (kJ/mol)
           Bond       G96AngleRestricted Angles    Proper Dih.  Improper Dih.
    9.77311e+01    2.78151e+02    8.97739e+01    3.72860e+01    1.98735e+00
        LJ (SR)   Coulomb (SR)      Potential Pressure (bar)   Constr. rmsd
   -6.23977e+03   -7.23836e+02   -6.45868e+03   -4.23487e+01    2.32978e-05

           Step           Time
             53       53.00000

           Step           Time
             54       54.00000

   Energies (kJ/mol)
           Bond       G96AngleRestricted Angles    Proper Dih.  Improper Dih.
    9.50677e+01    2.69616e+02    8.93875e+01    2.71468e+01    2.00306e+00
        LJ (SR)   Coulomb (SR)      Potential Pressure (bar)   Constr. rmsd
   -6.25009e+03   -7.23994e+02   -6.49086e+03   -4.26767e+01    4.92815e-06

           Step           Time
             55       55.00000

   Energies (kJ/mol)
           Bond       G96AngleRestricted Angles    Proper Dih.  Improper Dih.
    9.30107e+01    2.76749e+02    8.71329e+01    3.71618e+01    2.13278e+00
        LJ (SR)   Coulomb (SR)      Potential Pressure (bar)   Constr. rmsd
   -6.28654e+03   -7.25240e+02   -6.51560e+03   -4.35887e+01    5.14627e-06

           Step           Time
             56       56.00000

   Energies (kJ/mol)
           Bond       G96AngleRestricted Angles    Proper Dih.  Improper Dih.
    9.01450e+01    2.70139e+02    8.67128e+01    2.97077e+01    2.15053e+00
        LJ (SR)   Coulomb (SR)      Potential Pressure (bar)   Constr. rmsd
   -6.29622e+03   -7.25463e+02   -6.54283e+03   -4.37159e+01    1.05691e-05

           Step           Time
             57       57.00000

           Step           Time
             58       58.00000

   Energies (kJ/mol)
           Bond       G96AngleRestricted Angles    Proper Dih.  Improper Dih.
    9.05688e+01    2.70115e+02    8.63379e+01    2.90938e+01    2.17385e+00
        LJ (SR)   Coulomb (SR)      Potential Pressure (bar)   Constr. rmsd
   -6.30602e+03   -7.25753e+02   -6.55349e+03   -4.39718e+01    3.50251e-06

           Step           Time
             59       59.00000

   Energies (kJ/mol)
           Bond       G96AngleRestricted Angles    Proper Dih.  Improper Dih.
    8.88318e+01    2.71310e+02    8.57481e+01    3.21961e+01    2.20216e+00
        LJ (SR)   Coulomb (SR)      Potential Pressure (bar)   Constr. rmsd
   -6.31381e+03   -7.26116e+02   -6.55964e+03   -4.38839e+01    5.52468e-06

           Step           Time
             60       60.00000

   Energies (kJ/mol)
           Bond       G96AngleRestricted Angles    Proper Dih.  Improper Dih.
    8.98190e+01    2.72007e+02    8.53979e+01    3.21013e+01    2.22515e+00
        LJ (SR)   Coulomb (SR)      Potential Pressure (bar)   Constr. rmsd
   -6.32375e+03   -7.26419e+02   -6.56862e+03   -4.41374e+01    9.94572e-06

           Step           Time
             61       61.00000

   Energies (kJ/mol)
           Bond       G96AngleRestricted Angles    Proper Dih.  Improper Dih.
    8.78553e+01    2.74481e+02    8.48408e+01    3.74313e+01    2.25140e+00
        LJ (SR)   Coulomb (SR)      Potential Pressure (bar)   Constr. rmsd
   -6.32926e+03   -7.26771e+02   -6.56917e+03   -4.38693e+01    1.67303e-05

           Step           Time
             62       62.00000

   Energies (kJ/mol)
           Bond       G96AngleRestricted Angles    Proper Dih.  Improper Dih.
    8.96042e+01    2.76126e+02    8.45405e+01    3.79969e+01    2.27281e+00
        LJ (SR)   Coulomb (SR)      Potential Pressure (bar)   Constr. rmsd
   -6.33907e+03   -7.27076e+02   -6.57560e+03   -4.41254e+01    2.92451e-05

           Step           Time
             63       63.00000

           Step           Time
             64       64.00000

   Energies (kJ/mol)
           Bond       G96AngleRestricted Angles    Proper Dih.  Improper Dih.
    8.70084e+01    2.67096e+02    8.42643e+01    2.69625e+01    2.28491e+00
        LJ (SR)   Coulomb (SR)      Potential Pressure (bar)   Constr. rmsd
   -6.34903e+03   -7.27251e+02   -6.60866e+03   -4.43657e+01    6.02538e-06

           Step           Time
             65       65.00000

   Energies (kJ/mol)
           Bond       G96AngleRestricted Angles    Proper Dih.  Improper Dih.
    8.76389e+01    2.75529e+02    8.28692e+01    3.85917e+01    2.36210e+00
        LJ (SR)   Coulomb (SR)      Potential Pressure (bar)   Constr. rmsd
   -6.37454e+03   -7.28413e+02   -6.61596e+03   -4.43350e+01    6.37976e-06

           Step           Time
             66       66.00000

   Energies (kJ/mol)
           Bond       G96AngleRestricted Angles    Proper Dih.  Improper Dih.
    8.47625e+01    2.68173e+02    8.25653e+01    2.99859e+01    2.37528e+00
        LJ (SR)   Coulomb (SR)      Potential Pressure (bar)   Constr. rmsd
   -6.38392e+03   -7.28643e+02   -6.64470e+03   -4.44198e+01    1.31266e-05

           Step           Time
             67       67.00000

           Step           Time
             68       68.00000

   Energies (kJ/mol)
           Bond       G96AngleRestricted Angles    Proper Dih.  Improper Dih.
    8.55467e+01    2.68310e+02    8.22810e+01    2.94264e+01    2.39138e+00
        LJ (SR)   Coulomb (SR)      Potential Pressure (bar)   Constr. rmsd
   -6.39270e+03   -7.28946e+02   -6.65369e+03   -4.45333e+01    4.32998e-06

           Step           Time
             69       69.00000

   Energies (kJ/mol)
           Bond       G96AngleRestricted Angles    Proper Dih.  Improper Dih.
    8.41469e+01    2.69747e+02    8.18512e+01    3.30112e+01    2.41148e+00
        LJ (SR)   Coulomb (SR)      Potential Pressure (bar)   Constr. rmsd
   -6.39900e+03   -7.29315e+02   -6.65715e+03   -4.43097e+01    7.13002e-06

           Step           Time
             70       70.00000

   Energies (kJ/mol)
           Bond       G96AngleRestricted Angles    Proper Dih.  Improper Dih.
    8.54908e+01    2.70614e+02    8.15825e+01    3.29223e+01    2.42595e+00
        LJ (SR)   Coulomb (SR)      Potential Pressure (bar)   Constr. rmsd
   -6.40784e+03   -7.29625e+02   -6.66443e+03   -4.44093e+01    1.25807e-05

           Step           Time
             71       71.00000

           Step           Time
             72       72.00000

   Energies (kJ/mol)
           Bond       G96AngleRestricted Angles    Proper Dih.  Improper Dih.
    8.37799e+01    2.65424e+02    8.13776e+01    2.67867e+01    2.43521e+00
        LJ (SR)   Coulomb (SR)      Potential Pressure (bar)   Constr. rmsd
   -6.41479e+03   -7.29803e+02   -6.68478e+03   -4.45214e+01    2.66209e-06

           Step           Time
             73       73.00000

   Energies (kJ/mol)
           Bond       G96AngleRestricted Angles    Proper Dih.  Improper Dih.
    8.43604e+01    2.70017e+02    8.02864e+01    3.33089e+01    2.48809e+00
        LJ (SR)   Coulomb (SR)      Potential Pressure (bar)   Constr. rmsd
   -6.43918e+03   -7.30928e+02   -6.69965e+03   -4.42875e+01    3.18634e-06

           Step           Time
             74       74.00000

   Energies (kJ/mol)
           Bond       G96AngleRestricted Angles    Proper Dih.  Improper Dih.
    8.24550e+01    2.65915e+02    8.00528e+01    2.88980e+01    2.49895e+00
        LJ (SR)   Coulomb (SR)      Potential Pressure (bar)   Constr. rmsd
   -6.44607e+03   -7.31159e+02   -6.71741e+03   -4.42594e+01    6.24973e-06

           Step           Time
             75       75.00000

           Step           Time
             76       76.00000

   Energies (kJ/mol)
           Bond       G96AngleRestricted Angles    Proper Dih.  Improper Dih.
    8.30164e+01    2.65544e+02    7.98331e+01    2.77965e+01    2.50867e+00
        LJ (SR)   Coulomb (SR)      Potential Pressure (bar)   Constr. rmsd
   -6.45351e+03   -7.31426e+02   -6.72624e+03   -4.42776e+01    1.95725e-06

           Step           Time
             77       77.00000

   Energies (kJ/mol)
           Bond       G96AngleRestricted Angles    Proper Dih.  Improper Dih.
    8.20835e+01    2.66692e+02    7.94659e+01    3.07260e+01    2.52568e+00
        LJ (SR)   Coulomb (SR)      Potential Pressure (bar)   Constr. rmsd
   -6.46059e+03   -7.31820e+02   -6.73091e+03   -4.40365e+01    3.04723e-06

           Step           Time
             78       78.00000

   Energies (kJ/mol)
           Bond       G96AngleRestricted Angles    Proper Dih.  Improper Dih.
    8.30335e+01    2.66704e+02    7.92449e+01    2.97438e+01    2.53427e+00
        LJ (SR)   Coulomb (SR)      Potential Pressure (bar)   Constr. rmsd
   -6.46845e+03   -7.32099e+02   -6.73929e+03   -4.40613e+01    5.40736e-06

           Step           Time
             79       79.00000

   Energies (kJ/mol)
           Bond       G96AngleRestricted Angles    Proper Dih.  Improper Dih.
    8.18918e+01    2.68733e+02    7.89188e+01    3.43732e+01    2.55033e+00
        LJ (SR)   Coulomb (SR)      Potential Pressure (bar)   Constr. rmsd
   -6.47346e+03   -7.32456e+02   -6.73944e+03   -4.37435e+01    8.86170e-06

           Step           Time
             80       80.00000

   Energies (kJ/mol)
           Bond       G96AngleRestricted Angles    Proper Dih.  Improper Dih.
    8.33887e+01    2.69412e+02    7.87104e+01    3.37383e+01    2.55712e+00
        LJ (SR)   Coulomb (SR)      Potential Pressure (bar)   Constr. rmsd
   -6.48147e+03   -7.32737e+02   -6.74641e+03   -4.37959e+01    1.56692e-05

           Step           Time
             81       81.00000

           Step           Time
             82       82.00000

   Energies (kJ/mol)
           Bond       G96AngleRestricted Angles    Proper Dih.  Improper Dih.
    8.16588e+01    2.63728e+02    7.85554e+01    2.69263e+01    2.56496e+00
        LJ (SR)   Coulomb (SR)      Potential Pressure (bar)   Constr. rmsd
   -6.48824e+03   -7.32906e+02   -6.76771e+03   -4.38673e+01    3.28873e-06

           Step           Time
             83       83.00000

   Energies (kJ/mol)
           Bond       G96AngleRestricted Angles    Proper Dih.  Improper Dih.
    8.30252e+01    2.69205e+02    7.78050e+01    3.44587e+01    2.59402e+00
        LJ (SR)   Coulomb (SR)      Potential Pressure (bar)   Constr. rmsd
   -6.50662e+03   -7.33840e+02   -6.77338e+03   -4.34340e+01    3.75421e-06

           Step           Time
             84       84.00000

   Energies (kJ/mol)
           Bond       G96AngleRestricted Angles    Proper Dih.  Improper Dih.
    8.10566e+01    2.64580e+02    7.76288e+01    2.94023e+01    2.60357e+00
        LJ (SR)   Coulomb (SR)      Potential Pressure (bar)   Constr. rmsd
   -6.51320e+03   -7.34052e+02   -6.79198e+03   -4.33935e+01    7.77271e-06

           Step           Time
             85       85.00000

           Step           Time
             86       86.00000

   Energies (kJ/mol)
           Bond       G96AngleRestricted Angles    Proper Dih.  Improper Dih.
    8.17209e+01    2.64145e+02    7.74585e+01    2.80350e+01    2.60865e+00
        LJ (SR)   Coulomb (SR)      Potential Pressure (bar)   Constr. rmsd
   -6.51995e+03   -7.34292e+02   -6.80028e+03   -4.34046e+01    2.36439e-06

           Step           Time
             87       87.00000

   Energies (kJ/mol)
           Bond       G96AngleRestricted Angles    Proper Dih.  Improper Dih.
    8.09247e+01    2.65642e+02    7.71754e+01    3.16393e+01    2.62245e+00
        LJ (SR)   Coulomb (SR)      Potential Pressure (bar)   Constr. rmsd
   -6.52588e+03   -7.34657e+02   -6.80253e+03   -4.30968e+01    3.63775e-06

           Step           Time
             88       88.00000

   Energies (kJ/mol)
           Bond       G96AngleRestricted Angles    Proper Dih.  Improper Dih.
    8.19905e+01    2.65566e+02    7.70044e+01    3.02536e+01    2.62577e+00
        LJ (SR)   Coulomb (SR)      Potential Pressure (bar)   Constr. rmsd
   -6.53306e+03   -7.34906e+02   -6.81052e+03   -4.31099e+01    6.72296e-06

           Step           Time
             89       89.00000

           Step           Time
             90       90.00000

   Energies (kJ/mol)
           Bond       G96AngleRestricted Angles    Proper Dih.  Improper Dih.
    8.08830e+01    2.62594e+02    7.68782e+01    2.70250e+01    2.63281e+00
        LJ (SR)   Coulomb (SR)      Potential Pressure (bar)   Constr. rmsd
   -6.53800e+03   -7.35071e+02   -6.82305e+03   -4.31013e+01    1.72683e-06

           Step           Time
             91       91.00000

   Energies (kJ/mol)
           Bond       G96AngleRestricted Angles    Proper Dih.  Improper Dih.
    8.18946e+01    2.65532e+02    7.63907e+01    3.08855e+01    2.64902e+00
        LJ (SR)   Coulomb (SR)      Potential Pressure (bar)   Constr. rmsd
   -6.55230e+03   -7.35759e+02   -6.83071e+03   -4.27418e+01    2.07316e-06

           Step           Time
             92       92.00000

   Energies (kJ/mol)
           Bond       G96AngleRestricted Angles    Proper Dih.  Improper Dih.
    8.05813e+01    2.63125e+02    7.62430e+01    2.87833e+01    2.65782e+00
        LJ (SR)   Coulomb (SR)      Potential Pressure (bar)   Constr. rmsd
   -6.55749e+03   -7.35966e+02   -6.84207e+03   -4.26582e+01    3.76079e-06

           Step           Time
             93       93.00000

           Step           Time
             94       94.00000

   Energies (kJ/mol)
           Bond       G96AngleRestricted Angles    Proper Dih.  Improper Dih.
    8.10408e+01    2.62452e+02    7.61170e+01    2.72018e+01    2.66027e+00
        LJ (SR)   Coulomb (SR)      Potential Pressure (bar)   Constr. rmsd
   -6.56310e+03   -7.36162e+02   -6.84979e+03   -4.26409e+01    1.41275e-06

           Step           Time
             95       95.00000

   Energies (kJ/mol)
           Bond       G96AngleRestricted Angles    Proper Dih.  Improper Dih.
    8.04954e+01    2.63587e+02    7.58433e+01    3.00846e+01    2.67313e+00
        LJ (SR)   Coulomb (SR)      Potential Pressure (bar)   Constr. rmsd
   -6.57062e+03   -7.36571e+02   -6.85451e+03   -4.23504e+01    1.75063e-06

           Step           Time
             96       96.00000

   Energies (kJ/mol)
           Bond       G96AngleRestricted Angles    Proper Dih.  Improper Dih.
    8.12499e+01    2.63105e+02    7.57116e+01    2.83504e+01    2.67435e+00
        LJ (SR)   Coulomb (SR)      Potential Pressure (bar)   Constr. rmsd
   -6.57690e+03   -7.36787e+02   -6.86260e+03   -4.23392e+01    2.94153e-06

           Step           Time
             97       97.00000

   Energies (kJ/mol)
           Bond       G96AngleRestricted Angles    Proper Dih.  Improper Dih.
    8.05120e+01    2.64879e+02    7.55010e+01    3.25666e+01    2.68679e+00
        LJ (SR)   Coulomb (SR)      Potential Pressure (bar)   Constr. rmsd
   -6.58189e+03   -7.37121e+02   -6.86287e+03   -4.20302e+01    4.67741e-06

           Step           Time
             98       98.00000

   Energies (kJ/mol)
           Bond       G96AngleRestricted Angles    Proper Dih.  Improper Dih.
    8.16939e+01    2.64846e+02    7.53718e+01    3.09098e+01    2.68592e+00
        LJ (SR)   Coulomb (SR)      Potential Pressure (bar)   Constr. rmsd
   -6.58856e+03   -7.37350e+02   -6.87040e+03   -4.20175e+01    8.25627e-06

           Step           Time
             99       99.00000

           Step           Time
            100      100.00000

   Energies (kJ/mol)
           Bond       G96AngleRestricted Angles    Proper Dih.  Improper Dih.
    8.05061e+01    2.61455e+02    7.52788e+01    2.71732e+01    2.69283e+00
        LJ (SR)   Coulomb (SR)      Potential Pressure (bar)   Constr. rmsd
   -6.59345e+03   -7.37502e+02   -6.88384e+03   -4.20370e+01    1.94581e-06


Energy minimization reached the maximum number of steps before the forces
reached the requested precision Fmax < 10.

Steepest Descents did not converge to Fmax < 10 in 101 steps.
Potential Energy  = -6.8838442e+03
Maximum force     =  1.4168077e+02 on atom 60
Norm of force     =  2.7803066e+01
Finished mdrun on rank 0 Wed Jan 17 20:20:36 2024

